<?xml version="1.0" encoding="UTF-8"?>
<!-- Generated by org.testng.reporters.JUnitXMLReporter -->
<testsuite ignored="0" hostname="DESKTOP-PIOVR3S" failures="0" tests="3" name="LoginTests" time="76.893" errors="0" timestamp="2023-09-26T17:27:36 EEST">
  <testcase classname="Login.LoginPositiveTests" name="testLoginSuccessStandardUser" time="5.302"/>
  <testcase classname="Login.LoginPositiveTests" name="testLoginSuccessStandardUser" time="1.14"/>
  <testcase classname="Login.LoginPositiveTests" name="testLoginSuccessStandardUser" time="5.749"/>
</testsuite> <!-- LoginTests -->
